2014/03/03 13:59:14 [error] [exception.CHttpException.404] exception 'CHttpException' with message 'Unable to resolve the request "gii".' in /home/mtrpg/public_html/framework/web/CWebApplication.php:286
Stack trace:
#0 /home/mtrpg/public_html/framework/web/CWebApplication.php(141): CWebApplication->runController('gii')
#1 /home/mtrpg/public_html/framework/base/CApplication.php(180): CWebApplication->processRequest()
#2 /home/mtrpg/public_html/mtrpgmanager/index.php(13): CApplication->run()
#3 {main}
REQUEST_URI=/mtrpgmanager/index.php?r=gii
---
2014/03/04 19:39:23 [warning] [application] Failed to set unsafe attribute "duration" of "Document".
in /home/mtrpg/public_html/mtrpgmanager/protected/controllers/DocumentController.php (72)
in /home/mtrpg/public_html/mtrpgmanager/index.php (13)
2014/03/04 19:39:36 [warning] [application] Failed to set unsafe attribute "duration" of "Document".
in /home/mtrpg/public_html/mtrpgmanager/protected/controllers/DocumentController.php (72)
in /home/mtrpg/public_html/mtrpgmanager/index.php (13)
2014/03/04 20:13:51 [warning] [application] Failed to set unsafe attribute "duration" of "Document".
in /home/mtrpg/public_html/mtrpgmanager/protected/controllers/DocumentController.php (72)
in /home/mtrpg/public_html/mtrpgmanager/index.php (13)
2014/03/10 15:36:50 [error] [exception.CException] exception 'CException' with message 'Property "SceneTree.scene_parent_id" is not defined.' in /home/mtrpg/public_html/framework/base/CComponent.php:130
Stack trace:
#0 /home/mtrpg/public_html/framework/db/ar/CActiveRecord.php(145): CComponent->__get('scene_parent_id')
#1 /home/mtrpg/public_html/framework/web/helpers/CHtml.php(2529): CActiveRecord->__get('scene_parent_id')
#2 /home/mtrpg/public_html/framework/web/helpers/CHtml.php(1802): CHtml::resolveValue(Object(SceneTree), 'scene_parent_id')
#3 /home/mtrpg/public_html/framework/web/widgets/CActiveForm.php(847): CHtml::activeDropDownList(Object(SceneTree), 'scene_parent_id', Array, Array)
#4 /home/mtrpg/public_html/mtrpgmanager/protected/views/sceneTree/_form.php(41): CActiveForm->dropDownList(Object(SceneTree), 'scene_parent_id', Array)
#5 /home/mtrpg/public_html/framework/web/CBaseController.php(126): require('/home/mtrpg/pub...')
#6 /home/mtrpg/public_html/framework/web/CBaseController.php(95): CBaseController->renderInternal('/home/mtrpg/pub...', Array, true)
#7 /home/mtrpg/public_html/framework/web/CController.php(869): CBaseController->renderFile('/home/mtrpg/pub...', Array, true)
#8 /home/mtrpg/public_html/mtrpgmanager/protected/views/sceneTree/create.php(18): CController->renderPartial('_form', Array)
#9 /home/mtrpg/public_html/framework/web/CBaseController.php(126): require('/home/mtrpg/pub...')
#10 /home/mtrpg/public_html/framework/web/CBaseController.php(95): CBaseController->renderInternal('/home/mtrpg/pub...', Array, true)
#11 /home/mtrpg/public_html/framework/web/CController.php(869): CBaseController->renderFile('/home/mtrpg/pub...', Array, true)
#12 /home/mtrpg/public_html/framework/web/CController.php(782): CController->renderPartial('create', Array, true)
#13 /home/mtrpg/public_html/mtrpgmanager/protected/controllers/SceneTreeController.php(79): CController->render('create', Array)
#14 /home/mtrpg/public_html/framework/web/actions/CInlineAction.php(49): SceneTreeController->actionCreate()
#15 /home/mtrpg/public_html/framework/web/CController.php(308): CInlineAction->runWithParams(Array)
#16 /home/mtrpg/public_html/framework/web/filters/CFilterChain.php(133): CController->runAction(Object(CInlineAction))
#17 /home/mtrpg/public_html/framework/web/filters/CFilter.php(40): CFilterChain->run()
#18 /home/mtrpg/public_html/framework/web/CController.php(1145): CFilter->filter(Object(CFilterChain))
#19 /home/mtrpg/public_html/framework/web/filters/CInlineFilter.php(58): CController->filterAccessControl(Object(CFilterChain))
#20 /home/mtrpg/public_html/framework/web/filters/CFilterChain.php(130): CInlineFilter->filter(Object(CFilterChain))
#21 /home/mtrpg/public_html/framework/web/CController.php(291): CFilterChain->run()
#22 /home/mtrpg/public_html/framework/web/CController.php(265): CController->runActionWithFilters(Object(CInlineAction), Array)
#23 /home/mtrpg/public_html/framework/web/CWebApplication.php(282): CController->run('create')
#24 /home/mtrpg/public_html/framework/web/CWebApplication.php(141): CWebApplication->runController('sceneTree/creat...')
#25 /home/mtrpg/public_html/framework/base/CApplication.php(180): CWebApplication->processRequest()
#26 /home/mtrpg/public_html/mtrpgmanager/index.php(13): CApplication->run()
#27 {main}
REQUEST_URI=/mtrpgmanager/index.php?r=sceneTree/create
HTTP_REFERER=http://mtrpgmanager.arduinux.fr/mtrpgmanager/index.php?r=sceneTree
---
2014/03/10 15:37:09 [error] [exception.CException] exception 'CException' with message 'Property "SceneTree.scene_id" is not defined.' in /home/mtrpg/public_html/framework/base/CComponent.php:130
Stack trace:
#0 /home/mtrpg/public_html/framework/db/ar/CActiveRecord.php(145): CComponent->__get('scene_id')
#1 /home/mtrpg/public_html/framework/web/helpers/CHtml.php(2529): CActiveRecord->__get('scene_id')
#2 /home/mtrpg/public_html/framework/web/helpers/CHtml.php(1802): CHtml::resolveValue(Object(SceneTree), 'scene_id')
#3 /home/mtrpg/public_html/framework/web/widgets/CActiveForm.php(847): CHtml::activeDropDownList(Object(SceneTree), 'scene_id', Array, Array)
#4 /home/mtrpg/public_html/mtrpgmanager/protected/views/sceneTree/_form.php(41): CActiveForm->dropDownList(Object(SceneTree), 'scene_id', Array)
#5 /home/mtrpg/public_html/framework/web/CBaseController.php(126): require('/home/mtrpg/pub...')
#6 /home/mtrpg/public_html/framework/web/CBaseController.php(95): CBaseController->renderInternal('/home/mtrpg/pub...', Array, true)
#7 /home/mtrpg/public_html/framework/web/CController.php(869): CBaseController->renderFile('/home/mtrpg/pub...', Array, true)
#8 /home/mtrpg/public_html/mtrpgmanager/protected/views/sceneTree/create.php(18): CController->renderPartial('_form', Array)
#9 /home/mtrpg/public_html/framework/web/CBaseController.php(126): require('/home/mtrpg/pub...')
#10 /home/mtrpg/public_html/framework/web/CBaseController.php(95): CBaseController->renderInternal('/home/mtrpg/pub...', Array, true)
#11 /home/mtrpg/public_html/framework/web/CController.php(869): CBaseController->renderFile('/home/mtrpg/pub...', Array, true)
#12 /home/mtrpg/public_html/framework/web/CController.php(782): CController->renderPartial('create', Array, true)
#13 /home/mtrpg/public_html/mtrpgmanager/protected/controllers/SceneTreeController.php(79): CController->render('create', Array)
#14 /home/mtrpg/public_html/framework/web/actions/CInlineAction.php(49): SceneTreeController->actionCreate()
#15 /home/mtrpg/public_html/framework/web/CController.php(308): CInlineAction->runWithParams(Array)
#16 /home/mtrpg/public_html/framework/web/filters/CFilterChain.php(133): CController->runAction(Object(CInlineAction))
#17 /home/mtrpg/public_html/framework/web/filters/CFilter.php(40): CFilterChain->run()
#18 /home/mtrpg/public_html/framework/web/CController.php(1145): CFilter->filter(Object(CFilterChain))
#19 /home/mtrpg/public_html/framework/web/filters/CInlineFilter.php(58): CController->filterAccessControl(Object(CFilterChain))
#20 /home/mtrpg/public_html/framework/web/filters/CFilterChain.php(130): CInlineFilter->filter(Object(CFilterChain))
#21 /home/mtrpg/public_html/framework/web/CController.php(291): CFilterChain->run()
#22 /home/mtrpg/public_html/framework/web/CController.php(265): CController->runActionWithFilters(Object(CInlineAction), Array)
#23 /home/mtrpg/public_html/framework/web/CWebApplication.php(282): CController->run('create')
#24 /home/mtrpg/public_html/framework/web/CWebApplication.php(141): CWebApplication->runController('sceneTree/creat...')
#25 /home/mtrpg/public_html/framework/base/CApplication.php(180): CWebApplication->processRequest()
#26 /home/mtrpg/public_html/mtrpgmanager/index.php(13): CApplication->run()
#27 {main}
REQUEST_URI=/mtrpgmanager/index.php?r=sceneTree/create
HTTP_REFERER=http://mtrpgmanager.arduinux.fr/mtrpgmanager/index.php?r=sceneTree
---
2014/03/10 15:37:12 [error] [exception.CException] exception 'CException' with message 'Property "SceneTree.scene_id" is not defined.' in /home/mtrpg/public_html/framework/base/CComponent.php:130
Stack trace:
#0 /home/mtrpg/public_html/framework/db/ar/CActiveRecord.php(145): CComponent->__get('scene_id')
#1 /home/mtrpg/public_html/framework/web/helpers/CHtml.php(2529): CActiveRecord->__get('scene_id')
#2 /home/mtrpg/public_html/framework/web/helpers/CHtml.php(1802): CHtml::resolveValue(Object(SceneTree), 'scene_id')
#3 /home/mtrpg/public_html/framework/web/widgets/CActiveForm.php(847): CHtml::activeDropDownList(Object(SceneTree), 'scene_id', Array, Array)
#4 /home/mtrpg/public_html/mtrpgmanager/protected/views/sceneTree/_form.php(41): CActiveForm->dropDownList(Object(SceneTree), 'scene_id', Array)
#5 /home/mtrpg/public_html/framework/web/CBaseController.php(126): require('/home/mtrpg/pub...')
#6 /home/mtrpg/public_html/framework/web/CBaseController.php(95): CBaseController->renderInternal('/home/mtrpg/pub...', Array, true)
#7 /home/mtrpg/public_html/framework/web/CController.php(869): CBaseController->renderFile('/home/mtrpg/pub...', Array, true)
#8 /home/mtrpg/public_html/mtrpgmanager/protected/views/sceneTree/create.php(18): CController->renderPartial('_form', Array)
#9 /home/mtrpg/public_html/framework/web/CBaseController.php(126): require('/home/mtrpg/pub...')
#10 /home/mtrpg/public_html/framework/web/CBaseController.php(95): CBaseController->renderInternal('/home/mtrpg/pub...', Array, true)
#11 /home/mtrpg/public_html/framework/web/CController.php(869): CBaseController->renderFile('/home/mtrpg/pub...', Array, true)
#12 /home/mtrpg/public_html/framework/web/CController.php(782): CController->renderPartial('create', Array, true)
#13 /home/mtrpg/public_html/mtrpgmanager/protected/controllers/SceneTreeController.php(79): CController->render('create', Array)
#14 /home/mtrpg/public_html/framework/web/actions/CInlineAction.php(49): SceneTreeController->actionCreate()
#15 /home/mtrpg/public_html/framework/web/CController.php(308): CInlineAction->runWithParams(Array)
#16 /home/mtrpg/public_html/framework/web/filters/CFilterChain.php(133): CController->runAction(Object(CInlineAction))
#17 /home/mtrpg/public_html/framework/web/filters/CFilter.php(40): CFilterChain->run()
#18 /home/mtrpg/public_html/framework/web/CController.php(1145): CFilter->filter(Object(CFilterChain))
#19 /home/mtrpg/public_html/framework/web/filters/CInlineFilter.php(58): CController->filterAccessControl(Object(CFilterChain))
#20 /home/mtrpg/public_html/framework/web/filters/CFilterChain.php(130): CInlineFilter->filter(Object(CFilterChain))
#21 /home/mtrpg/public_html/framework/web/CController.php(291): CFilterChain->run()
#22 /home/mtrpg/public_html/framework/web/CController.php(265): CController->runActionWithFilters(Object(CInlineAction), Array)
#23 /home/mtrpg/public_html/framework/web/CWebApplication.php(282): CController->run('create')
#24 /home/mtrpg/public_html/framework/web/CWebApplication.php(141): CWebApplication->runController('sceneTree/creat...')
#25 /home/mtrpg/public_html/framework/base/CApplication.php(180): CWebApplication->processRequest()
#26 /home/mtrpg/public_html/mtrpgmanager/index.php(13): CApplication->run()
#27 {main}
REQUEST_URI=/mtrpgmanager/index.php?r=sceneTree/create
HTTP_REFERER=http://mtrpgmanager.arduinux.fr/mtrpgmanager/index.php?r=sceneTree
---
2014/03/10 15:55:36 [error] [exception.CException] exception 'CException' with message 'Property "CDbCriteria.scene_parent_num" is not defined.' in /home/mtrpg/public_html/framework/base/CComponent.php:173
Stack trace:
#0 /home/mtrpg/public_html/framework/db/schema/CDbCriteria.php(160): CComponent->__set('scene_parent_nu...', 'title')
#1 /home/mtrpg/public_html/framework/db/schema/CDbCommandBuilder.php(585): CDbCriteria->__construct(Array)
#2 /home/mtrpg/public_html/framework/db/ar/CActiveRecord.php(1469): CDbCommandBuilder->createCriteria(Array, Array)
#3 /home/mtrpg/public_html/mtrpgmanager/protected/views/sceneTree/_form.php(41): CActiveRecord->findAll(Array)
#4 /home/mtrpg/public_html/framework/web/CBaseController.php(126): require('/home/mtrpg/pub...')
#5 /home/mtrpg/public_html/framework/web/CBaseController.php(95): CBaseController->renderInternal('/home/mtrpg/pub...', Array, true)
#6 /home/mtrpg/public_html/framework/web/CController.php(869): CBaseController->renderFile('/home/mtrpg/pub...', Array, true)
#7 /home/mtrpg/public_html/mtrpgmanager/protected/views/sceneTree/create.php(18): CController->renderPartial('_form', Array)
#8 /home/mtrpg/public_html/framework/web/CBaseController.php(126): require('/home/mtrpg/pub...')
#9 /home/mtrpg/public_html/framework/web/CBaseController.php(95): CBaseController->renderInternal('/home/mtrpg/pub...', Array, true)
#10 /home/mtrpg/public_html/framework/web/CController.php(869): CBaseController->renderFile('/home/mtrpg/pub...', Array, true)
#11 /home/mtrpg/public_html/framework/web/CController.php(782): CController->renderPartial('create', Array, true)
#12 /home/mtrpg/public_html/mtrpgmanager/protected/controllers/SceneTreeController.php(79): CController->render('create', Array)
#13 /home/mtrpg/public_html/framework/web/actions/CInlineAction.php(49): SceneTreeController->actionCreate()
#14 /home/mtrpg/public_html/framework/web/CController.php(308): CInlineAction->runWithParams(Array)
#15 /home/mtrpg/public_html/framework/web/filters/CFilterChain.php(133): CController->runAction(Object(CInlineAction))
#16 /home/mtrpg/public_html/framework/web/filters/CFilter.php(40): CFilterChain->run()
#17 /home/mtrpg/public_html/framework/web/CController.php(1145): CFilter->filter(Object(CFilterChain))
#18 /home/mtrpg/public_html/framework/web/filters/CInlineFilter.php(58): CController->filterAccessControl(Object(CFilterChain))
#19 /home/mtrpg/public_html/framework/web/filters/CFilterChain.php(130): CInlineFilter->filter(Object(CFilterChain))
#20 /home/mtrpg/public_html/framework/web/CController.php(291): CFilterChain->run()
#21 /home/mtrpg/public_html/framework/web/CController.php(265): CController->runActionWithFilters(Object(CInlineAction), Array)
#22 /home/mtrpg/public_html/framework/web/CWebApplication.php(282): CController->run('create')
#23 /home/mtrpg/public_html/framework/web/CWebApplication.php(141): CWebApplication->runController('sceneTree/creat...')
#24 /home/mtrpg/public_html/framework/base/CApplication.php(180): CWebApplication->processRequest()
#25 /home/mtrpg/public_html/mtrpgmanager/index.php(13): CApplication->run()
#26 {main}
REQUEST_URI=/mtrpgmanager/index.php?r=sceneTree/create
HTTP_REFERER=http://mtrpgmanager.arduinux.fr/mtrpgmanager/index.php?r=sceneTree
---
2014/03/10 15:59:56 [error] [exception.CException] exception 'CException' with message 'Property "CDbCriteria.scene_parent_num" is not defined.' in /home/mtrpg/public_html/framework/base/CComponent.php:173
Stack trace:
#0 /home/mtrpg/public_html/framework/db/schema/CDbCriteria.php(160): CComponent->__set('scene_parent_nu...', 'title')
#1 /home/mtrpg/public_html/framework/db/schema/CDbCommandBuilder.php(585): CDbCriteria->__construct(Array)
#2 /home/mtrpg/public_html/framework/db/ar/CActiveRecord.php(1469): CDbCommandBuilder->createCriteria(Array, Array)
#3 /home/mtrpg/public_html/mtrpgmanager/protected/views/sceneTree/_form.php(41): CActiveRecord->findAll(Array)
#4 /home/mtrpg/public_html/framework/web/CBaseController.php(126): require('/home/mtrpg/pub...')
#5 /home/mtrpg/public_html/framework/web/CBaseController.php(95): CBaseController->renderInternal('/home/mtrpg/pub...', Array, true)
#6 /home/mtrpg/public_html/framework/web/CController.php(869): CBaseController->renderFile('/home/mtrpg/pub...', Array, true)
#7 /home/mtrpg/public_html/mtrpgmanager/protected/views/sceneTree/create.php(18): CController->renderPartial('_form', Array)
#8 /home/mtrpg/public_html/framework/web/CBaseController.php(126): require('/home/mtrpg/pub...')
#9 /home/mtrpg/public_html/framework/web/CBaseController.php(95): CBaseController->renderInternal('/home/mtrpg/pub...', Array, true)
#10 /home/mtrpg/public_html/framework/web/CController.php(869): CBaseController->renderFile('/home/mtrpg/pub...', Array, true)
#11 /home/mtrpg/public_html/framework/web/CController.php(782): CController->renderPartial('create', Array, true)
#12 /home/mtrpg/public_html/mtrpgmanager/protected/controllers/SceneTreeController.php(79): CController->render('create', Array)
#13 /home/mtrpg/public_html/framework/web/actions/CInlineAction.php(49): SceneTreeController->actionCreate()
#14 /home/mtrpg/public_html/framework/web/CController.php(308): CInlineAction->runWithParams(Array)
#15 /home/mtrpg/public_html/framework/web/filters/CFilterChain.php(133): CController->runAction(Object(CInlineAction))
#16 /home/mtrpg/public_html/framework/web/filters/CFilter.php(40): CFilterChain->run()
#17 /home/mtrpg/public_html/framework/web/CController.php(1145): CFilter->filter(Object(CFilterChain))
#18 /home/mtrpg/public_html/framework/web/filters/CInlineFilter.php(58): CController->filterAccessControl(Object(CFilterChain))
#19 /home/mtrpg/public_html/framework/web/filters/CFilterChain.php(130): CInlineFilter->filter(Object(CFilterChain))
#20 /home/mtrpg/public_html/framework/web/CController.php(291): CFilterChain->run()
#21 /home/mtrpg/public_html/framework/web/CController.php(265): CController->runActionWithFilters(Object(CInlineAction), Array)
#22 /home/mtrpg/public_html/framework/web/CWebApplication.php(282): CController->run('create')
#23 /home/mtrpg/public_html/framework/web/CWebApplication.php(141): CWebApplication->runController('sceneTree/creat...')
#24 /home/mtrpg/public_html/framework/base/CApplication.php(180): CWebApplication->processRequest()
#25 /home/mtrpg/public_html/mtrpgmanager/index.php(13): CApplication->run()
#26 {main}
REQUEST_URI=/mtrpgmanager/index.php?r=sceneTree/create
HTTP_REFERER=http://mtrpgmanager.arduinux.fr/mtrpgmanager/index.php?r=sceneTree
---
2014/03/10 16:00:32 [error] [exception.CException] exception 'CException' with message 'Property "CDbCriteria.scene_parent_num" is not defined.' in /home/mtrpg/public_html/framework/base/CComponent.php:173
Stack trace:
#0 /home/mtrpg/public_html/framework/db/schema/CDbCriteria.php(160): CComponent->__set('scene_parent_nu...', 'title')
#1 /home/mtrpg/public_html/framework/db/schema/CDbCommandBuilder.php(585): CDbCriteria->__construct(Array)
#2 /home/mtrpg/public_html/framework/db/ar/CActiveRecord.php(1469): CDbCommandBuilder->createCriteria(Array, Array)
#3 /home/mtrpg/public_html/mtrpgmanager/protected/views/sceneTree/_form.php(41): CActiveRecord->findAll(Array)
#4 /home/mtrpg/public_html/framework/web/CBaseController.php(126): require('/home/mtrpg/pub...')
#5 /home/mtrpg/public_html/framework/web/CBaseController.php(95): CBaseController->renderInternal('/home/mtrpg/pub...', Array, true)
#6 /home/mtrpg/public_html/framework/web/CController.php(869): CBaseController->renderFile('/home/mtrpg/pub...', Array, true)
#7 /home/mtrpg/public_html/mtrpgmanager/protected/views/sceneTree/create.php(18): CController->renderPartial('_form', Array)
#8 /home/mtrpg/public_html/framework/web/CBaseController.php(126): require('/home/mtrpg/pub...')
#9 /home/mtrpg/public_html/framework/web/CBaseController.php(95): CBaseController->renderInternal('/home/mtrpg/pub...', Array, true)
#10 /home/mtrpg/public_html/framework/web/CController.php(869): CBaseController->renderFile('/home/mtrpg/pub...', Array, true)
#11 /home/mtrpg/public_html/framework/web/CController.php(782): CController->renderPartial('create', Array, true)
#12 /home/mtrpg/public_html/mtrpgmanager/protected/controllers/SceneTreeController.php(79): CController->render('create', Array)
#13 /home/mtrpg/public_html/framework/web/actions/CInlineAction.php(49): SceneTreeController->actionCreate()
#14 /home/mtrpg/public_html/framework/web/CController.php(308): CInlineAction->runWithParams(Array)
#15 /home/mtrpg/public_html/framework/web/filters/CFilterChain.php(133): CController->runAction(Object(CInlineAction))
#16 /home/mtrpg/public_html/framework/web/filters/CFilter.php(40): CFilterChain->run()
#17 /home/mtrpg/public_html/framework/web/CController.php(1145): CFilter->filter(Object(CFilterChain))
#18 /home/mtrpg/public_html/framework/web/filters/CInlineFilter.php(58): CController->filterAccessControl(Object(CFilterChain))
#19 /home/mtrpg/public_html/framework/web/filters/CFilterChain.php(130): CInlineFilter->filter(Object(CFilterChain))
#20 /home/mtrpg/public_html/framework/web/CController.php(291): CFilterChain->run()
#21 /home/mtrpg/public_html/framework/web/CController.php(265): CController->runActionWithFilters(Object(CInlineAction), Array)
#22 /home/mtrpg/public_html/framework/web/CWebApplication.php(282): CController->run('create')
#23 /home/mtrpg/public_html/framework/web/CWebApplication.php(141): CWebApplication->runController('sceneTree/creat...')
#24 /home/mtrpg/public_html/framework/base/CApplication.php(180): CWebApplication->processRequest()
#25 /home/mtrpg/public_html/mtrpgmanager/index.php(13): CApplication->run()
#26 {main}
REQUEST_URI=/mtrpgmanager/index.php?r=sceneTree/create
HTTP_REFERER=http://mtrpgmanager.arduinux.fr/mtrpgmanager/index.php?r=sceneTree
---
2014/03/10 16:23:21 [error] [exception.CHttpException.403] exception 'CHttpException' with message 'You are not authorized to perform this action.' in /home/mtrpg/public_html/framework/web/auth/CAccessControlFilter.php:182
Stack trace:
#0 /home/mtrpg/public_html/framework/web/auth/CAccessControlFilter.php(145): CAccessControlFilter->accessDenied(Object(CWebUser), 'You are not aut...')
#1 /home/mtrpg/public_html/framework/web/filters/CFilter.php(38): CAccessControlFilter->preFilter(Object(CFilterChain))
#2 /home/mtrpg/public_html/framework/web/CController.php(1145): CFilter->filter(Object(CFilterChain))
#3 /home/mtrpg/public_html/framework/web/filters/CInlineFilter.php(58): CController->filterAccessControl(Object(CFilterChain))
#4 /home/mtrpg/public_html/framework/web/filters/CFilterChain.php(130): CInlineFilter->filter(Object(CFilterChain))
#5 /home/mtrpg/public_html/framework/web/CController.php(291): CFilterChain->run()
#6 /home/mtrpg/public_html/framework/web/CController.php(265): CController->runActionWithFilters(Object(CInlineAction), Array)
#7 /home/mtrpg/public_html/framework/web/CWebApplication.php(282): CController->run('display')
#8 /home/mtrpg/public_html/framework/web/CWebApplication.php(141): CWebApplication->runController('sceneTree/displ...')
#9 /home/mtrpg/public_html/framework/base/CApplication.php(180): CWebApplication->processRequest()
#10 /home/mtrpg/public_html/mtrpgmanager/index.php(13): CApplication->run()
#11 {main}
REQUEST_URI=/mtrpgmanager/index.php?r=sceneTree/display
---
2014/03/10 16:23:54 [error] [php] Undefined variable: dataProvider (/home/mtrpg/public_html/mtrpgmanager/protected/views/sceneTree/display.php:18)
Stack trace:
#0 /home/mtrpg/public_html/framework/web/CController.php(869): SceneTreeController->renderFile()
#1 /home/mtrpg/public_html/framework/web/CController.php(782): SceneTreeController->renderPartial()
#2 /home/mtrpg/public_html/mtrpgmanager/protected/controllers/SceneTreeController.php(64): SceneTreeController->render()
#3 /home/mtrpg/public_html/framework/web/actions/CInlineAction.php(49): SceneTreeController->actionDisplay()
#4 /home/mtrpg/public_html/framework/web/CController.php(308): CInlineAction->runWithParams()
#5 /home/mtrpg/public_html/framework/web/filters/CFilterChain.php(133): SceneTreeController->runAction()
#6 /home/mtrpg/public_html/framework/web/filters/CFilter.php(40): CFilterChain->run()
#7 /home/mtrpg/public_html/framework/web/CController.php(1145): CAccessControlFilter->filter()
#8 /home/mtrpg/public_html/framework/web/filters/CInlineFilter.php(58): SceneTreeController->filterAccessControl()
#9 /home/mtrpg/public_html/framework/web/filters/CFilterChain.php(130): CInlineFilter->filter()
#10 /home/mtrpg/public_html/framework/web/CController.php(291): CFilterChain->run()
#11 /home/mtrpg/public_html/framework/web/CController.php(265): SceneTreeController->runActionWithFilters()
#12 /home/mtrpg/public_html/framework/web/CWebApplication.php(282): SceneTreeController->run()
#13 /home/mtrpg/public_html/framework/web/CWebApplication.php(141): CWebApplication->runController()
#14 /home/mtrpg/public_html/framework/base/CApplication.php(180): CWebApplication->processRequest()
#15 /home/mtrpg/public_html/mtrpgmanager/index.php(13): CWebApplication->run()
REQUEST_URI=/mtrpgmanager/index.php?r=sceneTree/display
in /home/mtrpg/public_html/mtrpgmanager/protected/views/sceneTree/display.php (18)
in /home/mtrpg/public_html/mtrpgmanager/protected/controllers/SceneTreeController.php (64)
in /home/mtrpg/public_html/mtrpgmanager/index.php (13)
2014/03/10 16:56:12 [error] [php] Creating default object from empty value (/home/mtrpg/public_html/mtrpgmanager/protected/controllers/SceneTreeController.php:66)
Stack trace:
#0 /home/mtrpg/public_html/framework/web/filters/CFilterChain.php(133): SceneTreeController->runAction()
#1 /home/mtrpg/public_html/framework/web/filters/CFilter.php(40): CFilterChain->run()
#2 /home/mtrpg/public_html/framework/web/CController.php(1145): CAccessControlFilter->filter()
#3 /home/mtrpg/public_html/framework/web/filters/CInlineFilter.php(58): SceneTreeController->filterAccessControl()
#4 /home/mtrpg/public_html/framework/web/filters/CFilterChain.php(130): CInlineFilter->filter()
#5 /home/mtrpg/public_html/framework/web/CController.php(291): CFilterChain->run()
#6 /home/mtrpg/public_html/framework/web/CController.php(265): SceneTreeController->runActionWithFilters()
#7 /home/mtrpg/public_html/framework/web/CWebApplication.php(282): SceneTreeController->run()
#8 /home/mtrpg/public_html/framework/web/CWebApplication.php(141): CWebApplication->runController()
#9 /home/mtrpg/public_html/framework/base/CApplication.php(180): CWebApplication->processRequest()
#10 /home/mtrpg/public_html/mtrpgmanager/index.php(13): CWebApplication->run()
REQUEST_URI=/mtrpgmanager/index.php?r=sceneTree/display
in /home/mtrpg/public_html/mtrpgmanager/protected/controllers/SceneTreeController.php (66)
in /home/mtrpg/public_html/mtrpgmanager/index.php (13)
2014/03/10 16:59:04 [error] [php] Array to string conversion (/home/mtrpg/public_html/mtrpgmanager/protected/controllers/SceneTreeController.php:71)
Stack trace:
#0 /home/mtrpg/public_html/framework/web/filters/CFilterChain.php(133): SceneTreeController->runAction()
#1 /home/mtrpg/public_html/framework/web/filters/CFilter.php(40): CFilterChain->run()
#2 /home/mtrpg/public_html/framework/web/CController.php(1145): CAccessControlFilter->filter()
#3 /home/mtrpg/public_html/framework/web/filters/CInlineFilter.php(58): SceneTreeController->filterAccessControl()
#4 /home/mtrpg/public_html/framework/web/filters/CFilterChain.php(130): CInlineFilter->filter()
#5 /home/mtrpg/public_html/framework/web/CController.php(291): CFilterChain->run()
#6 /home/mtrpg/public_html/framework/web/CController.php(265): SceneTreeController->runActionWithFilters()
#7 /home/mtrpg/public_html/framework/web/CWebApplication.php(282): SceneTreeController->run()
#8 /home/mtrpg/public_html/framework/web/CWebApplication.php(141): CWebApplication->runController()
#9 /home/mtrpg/public_html/framework/base/CApplication.php(180): CWebApplication->processRequest()
#10 /home/mtrpg/public_html/mtrpgmanager/index.php(13): CWebApplication->run()
REQUEST_URI=/mtrpgmanager/index.php?r=sceneTree/display
in /home/mtrpg/public_html/mtrpgmanager/protected/controllers/SceneTreeController.php (71)
in /home/mtrpg/public_html/mtrpgmanager/index.php (13)
2014/03/10 17:04:39 [error] [php] Use of undefined constant scenario_id - assumed 'scenario_id' (/home/mtrpg/public_html/mtrpgmanager/protected/controllers/SceneTreeController.php:76)
Stack trace:
#0 /home/mtrpg/public_html/framework/web/filters/CFilterChain.php(133): SceneTreeController->runAction()
#1 /home/mtrpg/public_html/framework/web/filters/CFilter.php(40): CFilterChain->run()
#2 /home/mtrpg/public_html/framework/web/CController.php(1145): CAccessControlFilter->filter()
#3 /home/mtrpg/public_html/framework/web/filters/CInlineFilter.php(58): SceneTreeController->filterAccessControl()
#4 /home/mtrpg/public_html/framework/web/filters/CFilterChain.php(130): CInlineFilter->filter()
#5 /home/mtrpg/public_html/framework/web/CController.php(291): CFilterChain->run()
#6 /home/mtrpg/public_html/framework/web/CController.php(265): SceneTreeController->runActionWithFilters()
#7 /home/mtrpg/public_html/framework/web/CWebApplication.php(282): SceneTreeController->run()
#8 /home/mtrpg/public_html/framework/web/CWebApplication.php(141): CWebApplication->runController()
#9 /home/mtrpg/public_html/framework/base/CApplication.php(180): CWebApplication->processRequest()
#10 /home/mtrpg/public_html/mtrpgmanager/index.php(13): CWebApplication->run()
REQUEST_URI=/mtrpgmanager/index.php?r=sceneTree/display
in /home/mtrpg/public_html/mtrpgmanager/protected/controllers/SceneTreeController.php (76)
in /home/mtrpg/public_html/mtrpgmanager/index.php (13)
2014/03/10 17:08:32 [error] [system.db.CDbCommand] CDbCommand::fetch() failed: SQLSTATE[42S22]: Column not found: 1054 Unknown column 'num' in 'where clause'. The SQL statement executed was: SELECT * FROM `SceneTree` `t` WHERE num=:num LIMIT 1.
in /home/mtrpg/public_html/mtrpgmanager/protected/controllers/SceneTreeController.php (83)
in /home/mtrpg/public_html/mtrpgmanager/index.php (13)
2014/03/10 17:08:32 [error] [exception.CDbException] exception 'CDbException' with message 'CDbCommand failed to execute the SQL statement: SQLSTATE[42S22]: Column not found: 1054 Unknown column 'num' in 'where clause'. The SQL statement executed was: SELECT * FROM `SceneTree` `t` WHERE num=:num LIMIT 1' in /home/mtrpg/public_html/framework/db/CDbCommand.php:543
Stack trace:
#0 /home/mtrpg/public_html/framework/db/CDbCommand.php(415): CDbCommand->queryInternal('fetch', Array, Array)
#1 /home/mtrpg/public_html/framework/db/ar/CActiveRecord.php(1351): CDbCommand->queryRow()
#2 /home/mtrpg/public_html/framework/db/ar/CActiveRecord.php(1456): CActiveRecord->query(Object(CDbCriteria))
#3 /home/mtrpg/public_html/mtrpgmanager/protected/controllers/SceneTreeController.php(83): CActiveRecord->find(Object(CDbCriteria))
#4 /home/mtrpg/public_html/framework/web/actions/CInlineAction.php(49): SceneTreeController->actionDisplay()
#5 /home/mtrpg/public_html/framework/web/CController.php(308): CInlineAction->runWithParams(Array)
#6 /home/mtrpg/public_html/framework/web/filters/CFilterChain.php(133): CController->runAction(Object(CInlineAction))
#7 /home/mtrpg/public_html/framework/web/filters/CFilter.php(40): CFilterChain->run()
#8 /home/mtrpg/public_html/framework/web/CController.php(1145): CFilter->filter(Object(CFilterChain))
#9 /home/mtrpg/public_html/framework/web/filters/CInlineFilter.php(58): CController->filterAccessControl(Object(CFilterChain))
#10 /home/mtrpg/public_html/framework/web/filters/CFilterChain.php(130): CInlineFilter->filter(Object(CFilterChain))
#11 /home/mtrpg/public_html/framework/web/CController.php(291): CFilterChain->run()
#12 /home/mtrpg/public_html/framework/web/CController.php(265): CController->runActionWithFilters(Object(CInlineAction), Array)
#13 /home/mtrpg/public_html/framework/web/CWebApplication.php(282): CController->run('display')
#14 /home/mtrpg/public_html/framework/web/CWebApplication.php(141): CWebApplication->runController('sceneTree/displ...')
#15 /home/mtrpg/public_html/framework/base/CApplication.php(180): CWebApplication->processRequest()
#16 /home/mtrpg/public_html/mtrpgmanager/index.php(13): CApplication->run()
#17 {main}
REQUEST_URI=/mtrpgmanager/index.php?r=sceneTree/display
HTTP_REFERER=http://mtrpgmanager.arduinux.fr/mtrpgmanager/
---
2014/03/10 17:10:12 [error] [exception.CException] exception 'CException' with message 'Property "SceneTree.scene_children_num" is not defined.' in /home/mtrpg/public_html/framework/base/CComponent.php:130
Stack trace:
#0 /home/mtrpg/public_html/framework/db/ar/CActiveRecord.php(145): CComponent->__get('scene_children_...')
#1 /home/mtrpg/public_html/mtrpgmanager/protected/controllers/SceneTreeController.php(89): CActiveRecord->__get('scene_children_...')
#2 /home/mtrpg/public_html/framework/web/actions/CInlineAction.php(49): SceneTreeController->actionDisplay()
#3 /home/mtrpg/public_html/framework/web/CController.php(308): CInlineAction->runWithParams(Array)
#4 /home/mtrpg/public_html/framework/web/filters/CFilterChain.php(133): CController->runAction(Object(CInlineAction))
#5 /home/mtrpg/public_html/framework/web/filters/CFilter.php(40): CFilterChain->run()
#6 /home/mtrpg/public_html/framework/web/CController.php(1145): CFilter->filter(Object(CFilterChain))
#7 /home/mtrpg/public_html/framework/web/filters/CInlineFilter.php(58): CController->filterAccessControl(Object(CFilterChain))
#8 /home/mtrpg/public_html/framework/web/filters/CFilterChain.php(130): CInlineFilter->filter(Object(CFilterChain))
#9 /home/mtrpg/public_html/framework/web/CController.php(291): CFilterChain->run()
#10 /home/mtrpg/public_html/framework/web/CController.php(265): CController->runActionWithFilters(Object(CInlineAction), Array)
#11 /home/mtrpg/public_html/framework/web/CWebApplication.php(282): CController->run('display')
#12 /home/mtrpg/public_html/framework/web/CWebApplication.php(141): CWebApplication->runController('sceneTree/displ...')
#13 /home/mtrpg/public_html/framework/base/CApplication.php(180): CWebApplication->processRequest()
#14 /home/mtrpg/public_html/mtrpgmanager/index.php(13): CApplication->run()
#15 {main}
REQUEST_URI=/mtrpgmanager/index.php?r=sceneTree/display
HTTP_REFERER=http://mtrpgmanager.arduinux.fr/mtrpgmanager/
---
2014/03/10 17:10:54 [error] [exception.CException] exception 'CException' with message 'Property "SceneTree.scene_children_num" is not defined.' in /home/mtrpg/public_html/framework/base/CComponent.php:130
Stack trace:
#0 /home/mtrpg/public_html/framework/db/ar/CActiveRecord.php(145): CComponent->__get('scene_children_...')
#1 /home/mtrpg/public_html/mtrpgmanager/protected/controllers/SceneTreeController.php(89): CActiveRecord->__get('scene_children_...')
#2 /home/mtrpg/public_html/framework/web/actions/CInlineAction.php(49): SceneTreeController->actionDisplay()
#3 /home/mtrpg/public_html/framework/web/CController.php(308): CInlineAction->runWithParams(Array)
#4 /home/mtrpg/public_html/framework/web/filters/CFilterChain.php(133): CController->runAction(Object(CInlineAction))
#5 /home/mtrpg/public_html/framework/web/filters/CFilter.php(40): CFilterChain->run()
#6 /home/mtrpg/public_html/framework/web/CController.php(1145): CFilter->filter(Object(CFilterChain))
#7 /home/mtrpg/public_html/framework/web/filters/CInlineFilter.php(58): CController->filterAccessControl(Object(CFilterChain))
#8 /home/mtrpg/public_html/framework/web/filters/CFilterChain.php(130): CInlineFilter->filter(Object(CFilterChain))
#9 /home/mtrpg/public_html/framework/web/CController.php(291): CFilterChain->run()
#10 /home/mtrpg/public_html/framework/web/CController.php(265): CController->runActionWithFilters(Object(CInlineAction), Array)
#11 /home/mtrpg/public_html/framework/web/CWebApplication.php(282): CController->run('display')
#12 /home/mtrpg/public_html/framework/web/CWebApplication.php(141): CWebApplication->runController('sceneTree/displ...')
#13 /home/mtrpg/public_html/framework/base/CApplication.php(180): CWebApplication->processRequest()
#14 /home/mtrpg/public_html/mtrpgmanager/index.php(13): CApplication->run()
#15 {main}
REQUEST_URI=/mtrpgmanager/index.php?r=sceneTree/display
HTTP_REFERER=http://mtrpgmanager.arduinux.fr/mtrpgmanager/
---
2014/03/10 17:12:04 [error] [exception.CException] exception 'CException' with message 'Property "SceneTree.scene_children_num" is not defined.' in /home/mtrpg/public_html/framework/base/CComponent.php:130
Stack trace:
#0 /home/mtrpg/public_html/framework/db/ar/CActiveRecord.php(145): CComponent->__get('scene_children_...')
#1 /home/mtrpg/public_html/mtrpgmanager/protected/controllers/SceneTreeController.php(89): CActiveRecord->__get('scene_children_...')
#2 /home/mtrpg/public_html/framework/web/actions/CInlineAction.php(49): SceneTreeController->actionDisplay()
#3 /home/mtrpg/public_html/framework/web/CController.php(308): CInlineAction->runWithParams(Array)
#4 /home/mtrpg/public_html/framework/web/filters/CFilterChain.php(133): CController->runAction(Object(CInlineAction))
#5 /home/mtrpg/public_html/framework/web/filters/CFilter.php(40): CFilterChain->run()
#6 /home/mtrpg/public_html/framework/web/CController.php(1145): CFilter->filter(Object(CFilterChain))
#7 /home/mtrpg/public_html/framework/web/filters/CInlineFilter.php(58): CController->filterAccessControl(Object(CFilterChain))
#8 /home/mtrpg/public_html/framework/web/filters/CFilterChain.php(130): CInlineFilter->filter(Object(CFilterChain))
#9 /home/mtrpg/public_html/framework/web/CController.php(291): CFilterChain->run()
#10 /home/mtrpg/public_html/framework/web/CController.php(265): CController->runActionWithFilters(Object(CInlineAction), Array)
#11 /home/mtrpg/public_html/framework/web/CWebApplication.php(282): CController->run('display')
#12 /home/mtrpg/public_html/framework/web/CWebApplication.php(141): CWebApplication->runController('sceneTree/displ...')
#13 /home/mtrpg/public_html/framework/base/CApplication.php(180): CWebApplication->processRequest()
#14 /home/mtrpg/public_html/mtrpgmanager/index.php(13): CApplication->run()
#15 {main}
REQUEST_URI=/mtrpgmanager/index.php?r=sceneTree/display
HTTP_REFERER=http://mtrpgmanager.arduinux.fr/mtrpgmanager/
---
2014/03/10 17:12:34 [error] [exception.CException] exception 'CException' with message 'Property "SceneTree.scene_children_num" is not defined.' in /home/mtrpg/public_html/framework/base/CComponent.php:130
Stack trace:
#0 /home/mtrpg/public_html/framework/db/ar/CActiveRecord.php(145): CComponent->__get('scene_children_...')
#1 /home/mtrpg/public_html/mtrpgmanager/protected/controllers/SceneTreeController.php(89): CActiveRecord->__get('scene_children_...')
#2 /home/mtrpg/public_html/framework/web/actions/CInlineAction.php(49): SceneTreeController->actionDisplay()
#3 /home/mtrpg/public_html/framework/web/CController.php(308): CInlineAction->runWithParams(Array)
#4 /home/mtrpg/public_html/framework/web/filters/CFilterChain.php(133): CController->runAction(Object(CInlineAction))
#5 /home/mtrpg/public_html/framework/web/filters/CFilter.php(40): CFilterChain->run()
#6 /home/mtrpg/public_html/framework/web/CController.php(1145): CFilter->filter(Object(CFilterChain))
#7 /home/mtrpg/public_html/framework/web/filters/CInlineFilter.php(58): CController->filterAccessControl(Object(CFilterChain))
#8 /home/mtrpg/public_html/framework/web/filters/CFilterChain.php(130): CInlineFilter->filter(Object(CFilterChain))
#9 /home/mtrpg/public_html/framework/web/CController.php(291): CFilterChain->run()
#10 /home/mtrpg/public_html/framework/web/CController.php(265): CController->runActionWithFilters(Object(CInlineAction), Array)
#11 /home/mtrpg/public_html/framework/web/CWebApplication.php(282): CController->run('display')
#12 /home/mtrpg/public_html/framework/web/CWebApplication.php(141): CWebApplication->runController('sceneTree/displ...')
#13 /home/mtrpg/public_html/framework/base/CApplication.php(180): CWebApplication->processRequest()
#14 /home/mtrpg/public_html/mtrpgmanager/index.php(13): CApplication->run()
#15 {main}
REQUEST_URI=/mtrpgmanager/index.php?r=sceneTree/display
HTTP_REFERER=http://mtrpgmanager.arduinux.fr/mtrpgmanager/
---
2014/03/10 17:12:47 [error] [exception.CException] exception 'CException' with message 'Property "SceneTree.scene_children_num" is not defined.' in /home/mtrpg/public_html/framework/base/CComponent.php:130
Stack trace:
#0 /home/mtrpg/public_html/framework/db/ar/CActiveRecord.php(145): CComponent->__get('scene_children_...')
#1 /home/mtrpg/public_html/mtrpgmanager/protected/controllers/SceneTreeController.php(93): CActiveRecord->__get('scene_children_...')
#2 /home/mtrpg/public_html/framework/web/actions/CInlineAction.php(49): SceneTreeController->actionDisplay()
#3 /home/mtrpg/public_html/framework/web/CController.php(308): CInlineAction->runWithParams(Array)
#4 /home/mtrpg/public_html/framework/web/filters/CFilterChain.php(133): CController->runAction(Object(CInlineAction))
#5 /home/mtrpg/public_html/framework/web/filters/CFilter.php(40): CFilterChain->run()
#6 /home/mtrpg/public_html/framework/web/CController.php(1145): CFilter->filter(Object(CFilterChain))
#7 /home/mtrpg/public_html/framework/web/filters/CInlineFilter.php(58): CController->filterAccessControl(Object(CFilterChain))
#8 /home/mtrpg/public_html/framework/web/filters/CFilterChain.php(130): CInlineFilter->filter(Object(CFilterChain))
#9 /home/mtrpg/public_html/framework/web/CController.php(291): CFilterChain->run()
#10 /home/mtrpg/public_html/framework/web/CController.php(265): CController->runActionWithFilters(Object(CInlineAction), Array)
#11 /home/mtrpg/public_html/framework/web/CWebApplication.php(282): CController->run('display')
#12 /home/mtrpg/public_html/framework/web/CWebApplication.php(141): CWebApplication->runController('sceneTree/displ...')
#13 /home/mtrpg/public_html/framework/base/CApplication.php(180): CWebApplication->processRequest()
#14 /home/mtrpg/public_html/mtrpgmanager/index.php(13): CApplication->run()
#15 {main}
REQUEST_URI=/mtrpgmanager/index.php?r=sceneTree/display
HTTP_REFERER=http://mtrpgmanager.arduinux.fr/mtrpgmanager/
---
2014/03/10 17:13:16 [error] [exception.CException] exception 'CException' with message 'Property "SceneTree.scene_children_num" is not defined.' in /home/mtrpg/public_html/framework/base/CComponent.php:130
Stack trace:
#0 /home/mtrpg/public_html/framework/db/ar/CActiveRecord.php(145): CComponent->__get('scene_children_...')
#1 /home/mtrpg/public_html/mtrpgmanager/protected/controllers/SceneTreeController.php(94): CActiveRecord->__get('scene_children_...')
#2 /home/mtrpg/public_html/framework/web/actions/CInlineAction.php(49): SceneTreeController->actionDisplay()
#3 /home/mtrpg/public_html/framework/web/CController.php(308): CInlineAction->runWithParams(Array)
#4 /home/mtrpg/public_html/framework/web/filters/CFilterChain.php(133): CController->runAction(Object(CInlineAction))
#5 /home/mtrpg/public_html/framework/web/filters/CFilter.php(40): CFilterChain->run()
#6 /home/mtrpg/public_html/framework/web/CController.php(1145): CFilter->filter(Object(CFilterChain))
#7 /home/mtrpg/public_html/framework/web/filters/CInlineFilter.php(58): CController->filterAccessControl(Object(CFilterChain))
#8 /home/mtrpg/public_html/framework/web/filters/CFilterChain.php(130): CInlineFilter->filter(Object(CFilterChain))
#9 /home/mtrpg/public_html/framework/web/CController.php(291): CFilterChain->run()
#10 /home/mtrpg/public_html/framework/web/CController.php(265): CController->runActionWithFilters(Object(CInlineAction), Array)
#11 /home/mtrpg/public_html/framework/web/CWebApplication.php(282): CController->run('display')
#12 /home/mtrpg/public_html/framework/web/CWebApplication.php(141): CWebApplication->runController('sceneTree/displ...')
#13 /home/mtrpg/public_html/framework/base/CApplication.php(180): CWebApplication->processRequest()
#14 /home/mtrpg/public_html/mtrpgmanager/index.php(13): CApplication->run()
#15 {main}
REQUEST_URI=/mtrpgmanager/index.php?r=sceneTree/display
HTTP_REFERER=http://mtrpgmanager.arduinux.fr/mtrpgmanager/
---
2014/03/10 17:14:13 [error] [exception.CException] exception 'CException' with message 'Property "SceneTree.scene_children_num" is not defined.' in /home/mtrpg/public_html/framework/base/CComponent.php:130
Stack trace:
#0 /home/mtrpg/public_html/framework/db/ar/CActiveRecord.php(145): CComponent->__get('scene_children_...')
#1 /home/mtrpg/public_html/mtrpgmanager/protected/controllers/SceneTreeController.php(89): CActiveRecord->__get('scene_children_...')
#2 /home/mtrpg/public_html/framework/web/actions/CInlineAction.php(49): SceneTreeController->actionDisplay()
#3 /home/mtrpg/public_html/framework/web/CController.php(308): CInlineAction->runWithParams(Array)
#4 /home/mtrpg/public_html/framework/web/filters/CFilterChain.php(133): CController->runAction(Object(CInlineAction))
#5 /home/mtrpg/public_html/framework/web/filters/CFilter.php(40): CFilterChain->run()
#6 /home/mtrpg/public_html/framework/web/CController.php(1145): CFilter->filter(Object(CFilterChain))
#7 /home/mtrpg/public_html/framework/web/filters/CInlineFilter.php(58): CController->filterAccessControl(Object(CFilterChain))
#8 /home/mtrpg/public_html/framework/web/filters/CFilterChain.php(130): CInlineFilter->filter(Object(CFilterChain))
#9 /home/mtrpg/public_html/framework/web/CController.php(291): CFilterChain->run()
#10 /home/mtrpg/public_html/framework/web/CController.php(265): CController->runActionWithFilters(Object(CInlineAction), Array)
#11 /home/mtrpg/public_html/framework/web/CWebApplication.php(282): CController->run('display')
#12 /home/mtrpg/public_html/framework/web/CWebApplication.php(141): CWebApplication->runController('sceneTree/displ...')
#13 /home/mtrpg/public_html/framework/base/CApplication.php(180): CWebApplication->processRequest()
#14 /home/mtrpg/public_html/mtrpgmanager/index.php(13): CApplication->run()
#15 {main}
REQUEST_URI=/mtrpgmanager/index.php?r=sceneTree/display
HTTP_REFERER=http://mtrpgmanager.arduinux.fr/mtrpgmanager/
---
2014/03/10 17:17:29 [error] [php] Object of class CActiveDataProvider could not be converted to string (/home/mtrpg/public_html/mtrpgmanager/protected/views/sceneTree/display.php:17)
Stack trace:
#0 /home/mtrpg/public_html/framework/web/CController.php(869): SceneTreeController->renderFile()
#1 /home/mtrpg/public_html/framework/web/CController.php(782): SceneTreeController->renderPartial()
#2 /home/mtrpg/public_html/mtrpgmanager/protected/controllers/SceneTreeController.php(99): SceneTreeController->render()
#3 /home/mtrpg/public_html/framework/web/actions/CInlineAction.php(49): SceneTreeController->actionDisplay()
#4 /home/mtrpg/public_html/framework/web/CController.php(308): CInlineAction->runWithParams()
#5 /home/mtrpg/public_html/framework/web/filters/CFilterChain.php(133): SceneTreeController->runAction()
#6 /home/mtrpg/public_html/framework/web/filters/CFilter.php(40): CFilterChain->run()
#7 /home/mtrpg/public_html/framework/web/CController.php(1145): CAccessControlFilter->filter()
#8 /home/mtrpg/public_html/framework/web/filters/CInlineFilter.php(58): SceneTreeController->filterAccessControl()
#9 /home/mtrpg/public_html/framework/web/filters/CFilterChain.php(130): CInlineFilter->filter()
#10 /home/mtrpg/public_html/framework/web/CController.php(291): CFilterChain->run()
#11 /home/mtrpg/public_html/framework/web/CController.php(265): SceneTreeController->runActionWithFilters()
#12 /home/mtrpg/public_html/framework/web/CWebApplication.php(282): SceneTreeController->run()
#13 /home/mtrpg/public_html/framework/web/CWebApplication.php(141): CWebApplication->runController()
#14 /home/mtrpg/public_html/framework/base/CApplication.php(180): CWebApplication->processRequest()
#15 /home/mtrpg/public_html/mtrpgmanager/index.php(13): CWebApplication->run()
REQUEST_URI=/mtrpgmanager/index.php?r=sceneTree/display
in /home/mtrpg/public_html/mtrpgmanager/protected/views/sceneTree/display.php (17)
in /home/mtrpg/public_html/mtrpgmanager/protected/controllers/SceneTreeController.php (99)
in /home/mtrpg/public_html/mtrpgmanager/index.php (13)
2014/03/10 17:17:57 [error] [php] Object of class CActiveDataProvider could not be converted to string (/home/mtrpg/public_html/mtrpgmanager/protected/views/sceneTree/display.php:17)
Stack trace:
#0 /home/mtrpg/public_html/framework/web/CController.php(869): SceneTreeController->renderFile()
#1 /home/mtrpg/public_html/framework/web/CController.php(782): SceneTreeController->renderPartial()
#2 /home/mtrpg/public_html/mtrpgmanager/protected/controllers/SceneTreeController.php(99): SceneTreeController->render()
#3 /home/mtrpg/public_html/framework/web/actions/CInlineAction.php(49): SceneTreeController->actionDisplay()
#4 /home/mtrpg/public_html/framework/web/CController.php(308): CInlineAction->runWithParams()
#5 /home/mtrpg/public_html/framework/web/filters/CFilterChain.php(133): SceneTreeController->runAction()
#6 /home/mtrpg/public_html/framework/web/filters/CFilter.php(40): CFilterChain->run()
#7 /home/mtrpg/public_html/framework/web/CController.php(1145): CAccessControlFilter->filter()
#8 /home/mtrpg/public_html/framework/web/filters/CInlineFilter.php(58): SceneTreeController->filterAccessControl()
#9 /home/mtrpg/public_html/framework/web/filters/CFilterChain.php(130): CInlineFilter->filter()
#10 /home/mtrpg/public_html/framework/web/CController.php(291): CFilterChain->run()
#11 /home/mtrpg/public_html/framework/web/CController.php(265): SceneTreeController->runActionWithFilters()
#12 /home/mtrpg/public_html/framework/web/CWebApplication.php(282): SceneTreeController->run()
#13 /home/mtrpg/public_html/framework/web/CWebApplication.php(141): CWebApplication->runController()
#14 /home/mtrpg/public_html/framework/base/CApplication.php(180): CWebApplication->processRequest()
#15 /home/mtrpg/public_html/mtrpgmanager/index.php(13): CWebApplication->run()
REQUEST_URI=/mtrpgmanager/index.php?r=sceneTree/display
in /home/mtrpg/public_html/mtrpgmanager/protected/views/sceneTree/display.php (17)
in /home/mtrpg/public_html/mtrpgmanager/protected/controllers/SceneTreeController.php (99)
in /home/mtrpg/public_html/mtrpgmanager/index.php (13)
2014/03/11 14:45:08 [error] [exception.CException] exception 'CException' with message 'Property "Scene.scene_parent_num" is not defined.' in /home/mtrpg/public_html/framework/base/CComponent.php:130
Stack trace:
#0 /home/mtrpg/public_html/framework/db/ar/CActiveRecord.php(145): CComponent->__get('scene_parent_nu...')
#1 /home/mtrpg/public_html/mtrpgmanager/protected/views/sceneTree/_view.php(14): CActiveRecord->__get('scene_parent_nu...')
#2 /home/mtrpg/public_html/framework/web/CBaseController.php(130): require('/home/mtrpg/pub...')
#3 /home/mtrpg/public_html/framework/web/CBaseController.php(95): CBaseController->renderInternal('/home/mtrpg/pub...', Array, false)
#4 /home/mtrpg/public_html/framework/zii/widgets/CListView.php(291): CBaseController->renderFile('/home/mtrpg/pub...', Array)
#5 /home/mtrpg/public_html/framework/zii/widgets/CBaseListView.php(167): CListView->renderItems()
#6 [internal function]: CBaseListView->renderSection(Array)
#7 /home/mtrpg/public_html/framework/zii/widgets/CBaseListView.php(150): preg_replace_callback('/{(\w+)}/', Array, '{summary}?{sort...')
#8 /home/mtrpg/public_html/framework/zii/widgets/CBaseListView.php(135): CBaseListView->renderContent()
#9 /home/mtrpg/public_html/framework/web/CBaseController.php(173): CBaseListView->run()
#10 /home/mtrpg/public_html/mtrpgmanager/protected/views/sceneTree/index.php(20): CBaseController->widget('zii.widgets.CLi...', Array)
#11 /home/mtrpg/public_html/framework/web/CBaseController.php(126): require('/home/mtrpg/pub...')
#12 /home/mtrpg/public_html/framework/web/CBaseController.php(95): CBaseController->renderInternal('/home/mtrpg/pub...', Array, true)
#13 /home/mtrpg/public_html/framework/web/CController.php(869): CBaseController->renderFile('/home/mtrpg/pub...', Array, true)
#14 /home/mtrpg/public_html/framework/web/CController.php(782): CController->renderPartial('index', Array, true)
#15 /home/mtrpg/public_html/mtrpgmanager/protected/controllers/SceneTreeController.php(182): CController->render('index', Array)
#16 /home/mtrpg/public_html/framework/web/actions/CInlineAction.php(49): SceneTreeController->actionIndex()
#17 /home/mtrpg/public_html/framework/web/CController.php(308): CInlineAction->runWithParams(Array)
#18 /home/mtrpg/public_html/framework/web/filters/CFilterChain.php(133): CController->runAction(Object(CInlineAction))
#19 /home/mtrpg/public_html/framework/web/filters/CFilter.php(40): CFilterChain->run()
#20 /home/mtrpg/public_html/framework/web/CController.php(1145): CFilter->filter(Object(CFilterChain))
#21 /home/mtrpg/public_html/framework/web/filters/CInlineFilter.php(58): CController->filterAccessControl(Object(CFilterChain))
#22 /home/mtrpg/public_html/framework/web/filters/CFilterChain.php(130): CInlineFilter->filter(Object(CFilterChain))
#23 /home/mtrpg/public_html/framework/web/CController.php(291): CFilterChain->run()
#24 /home/mtrpg/public_html/framework/web/CController.php(265): CController->runActionWithFilters(Object(CInlineAction), Array)
#25 /home/mtrpg/public_html/framework/web/CWebApplication.php(282): CController->run('')
#26 /home/mtrpg/public_html/framework/web/CWebApplication.php(141): CWebApplication->runController('sceneTree')
#27 /home/mtrpg/public_html/framework/base/CApplication.php(180): CWebApplication->processRequest()
#28 /home/mtrpg/public_html/mtrpgmanager/index.php(13): CApplication->run()
#29 {main}
REQUEST_URI=/mtrpgmanager/index.php?r=sceneTree
HTTP_REFERER=http://mtrpgmanager.arduinux.fr/mtrpgmanager/index.php?r=site/index
---
2014/03/11 14:47:16 [error] [exception.CException] exception 'CException' with message 'Property "SceneTree.scene_childt_num" is not defined.' in /home/mtrpg/public_html/framework/base/CComponent.php:130
Stack trace:
#0 /home/mtrpg/public_html/framework/db/ar/CActiveRecord.php(145): CComponent->__get('scene_childt_nu...')
#1 /home/mtrpg/public_html/mtrpgmanager/protected/views/sceneTree/_view.php(18): CActiveRecord->__get('scene_childt_nu...')
#2 /home/mtrpg/public_html/framework/web/CBaseController.php(130): require('/home/mtrpg/pub...')
#3 /home/mtrpg/public_html/framework/web/CBaseController.php(95): CBaseController->renderInternal('/home/mtrpg/pub...', Array, false)
#4 /home/mtrpg/public_html/framework/zii/widgets/CListView.php(291): CBaseController->renderFile('/home/mtrpg/pub...', Array)
#5 /home/mtrpg/public_html/framework/zii/widgets/CBaseListView.php(167): CListView->renderItems()
#6 [internal function]: CBaseListView->renderSection(Array)
#7 /home/mtrpg/public_html/framework/zii/widgets/CBaseListView.php(150): preg_replace_callback('/{(\w+)}/', Array, '{summary}?{sort...')
#8 /home/mtrpg/public_html/framework/zii/widgets/CBaseListView.php(135): CBaseListView->renderContent()
#9 /home/mtrpg/public_html/framework/web/CBaseController.php(173): CBaseListView->run()
#10 /home/mtrpg/public_html/mtrpgmanager/protected/views/sceneTree/index.php(20): CBaseController->widget('zii.widgets.CLi...', Array)
#11 /home/mtrpg/public_html/framework/web/CBaseController.php(126): require('/home/mtrpg/pub...')
#12 /home/mtrpg/public_html/framework/web/CBaseController.php(95): CBaseController->renderInternal('/home/mtrpg/pub...', Array, true)
#13 /home/mtrpg/public_html/framework/web/CController.php(869): CBaseController->renderFile('/home/mtrpg/pub...', Array, true)
#14 /home/mtrpg/public_html/framework/web/CController.php(782): CController->renderPartial('index', Array, true)
#15 /home/mtrpg/public_html/mtrpgmanager/protected/controllers/SceneTreeController.php(182): CController->render('index', Array)
#16 /home/mtrpg/public_html/framework/web/actions/CInlineAction.php(49): SceneTreeController->actionIndex()
#17 /home/mtrpg/public_html/framework/web/CController.php(308): CInlineAction->runWithParams(Array)
#18 /home/mtrpg/public_html/framework/web/filters/CFilterChain.php(133): CController->runAction(Object(CInlineAction))
#19 /home/mtrpg/public_html/framework/web/filters/CFilter.php(40): CFilterChain->run()
#20 /home/mtrpg/public_html/framework/web/CController.php(1145): CFilter->filter(Object(CFilterChain))
#21 /home/mtrpg/public_html/framework/web/filters/CInlineFilter.php(58): CController->filterAccessControl(Object(CFilterChain))
#22 /home/mtrpg/public_html/framework/web/filters/CFilterChain.php(130): CInlineFilter->filter(Object(CFilterChain))
#23 /home/mtrpg/public_html/framework/web/CController.php(291): CFilterChain->run()
#24 /home/mtrpg/public_html/framework/web/CController.php(265): CController->runActionWithFilters(Object(CInlineAction), Array)
#25 /home/mtrpg/public_html/framework/web/CWebApplication.php(282): CController->run('')
#26 /home/mtrpg/public_html/framework/web/CWebApplication.php(141): CWebApplication->runController('sceneTree')
#27 /home/mtrpg/public_html/framework/base/CApplication.php(180): CWebApplication->processRequest()
#28 /home/mtrpg/public_html/mtrpgmanager/index.php(13): CApplication->run()
#29 {main}
REQUEST_URI=/mtrpgmanager/index.php?r=sceneTree
HTTP_REFERER=http://mtrpgmanager.arduinux.fr/mtrpgmanager/index.php?r=site/index
---
